2022-12-06 11:14:42.824  INFO 1 --- [main] o.f.s.m.u.MsvcUsuariosApplication        : Starting MsvcUsuariosApplication v0.0.1-SNAPSHOT using Java 11.0.16 on 444b86442a67 with PID 1 (/app/msvc-usuarios-0.0.1-SNAPSHOT.jar started by root in /app)
2022-12-06 11:14:42.828  INFO 1 --- [main] o.f.s.m.u.MsvcUsuariosApplication        : No active profile set, falling back to 1 default profile: "default"
2022-12-06 11:14:43.796  INFO 1 --- [main] .s.d.r.c.RepositoryConfigurationDelegate : Bootstrapping Spring Data JPA repositories in DEFAULT mode.
2022-12-06 11:14:43.852  INFO 1 --- [main] .s.d.r.c.RepositoryConfigurationDelegate : Finished Spring Data repository scanning in 48 ms. Found 1 JPA repository interfaces.
2022-12-06 11:14:44.169  INFO 1 --- [main] o.s.cloud.context.scope.GenericScope     : BeanFactory id=36e1239f-e26a-3148-81aa-168fe26ac59c
2022-12-06 11:14:45.019  INFO 1 --- [main] o.s.b.w.embedded.tomcat.TomcatWebServer  : Tomcat initialized with port(s): 8001 (http)
2022-12-06 11:14:45.033  INFO 1 --- [main] o.apache.catalina.core.StandardService   : Starting service [Tomcat]
2022-12-06 11:14:45.033  INFO 1 --- [main] org.apache.catalina.core.StandardEngine  : Starting Servlet engine: [Apache Tomcat/9.0.68]
2022-12-06 11:14:45.110  INFO 1 --- [main] o.a.c.c.C.[Tomcat].[localhost].[/]       : Initializing Spring embedded WebApplicationContext
2022-12-06 11:14:45.111  INFO 1 --- [main] w.s.c.ServletWebServerApplicationContext : Root WebApplicationContext: initialization completed in 2211 ms
2022-12-06 11:14:45.254  INFO 1 --- [main] com.zaxxer.hikari.HikariDataSource       : HikariPool-1 - Starting...
2022-12-06 11:14:45.689  INFO 1 --- [main] com.zaxxer.hikari.HikariDataSource       : HikariPool-1 - Start completed.
2022-12-06 11:14:45.763  INFO 1 --- [main] o.hibernate.jpa.internal.util.LogHelper  : HHH000204: Processing PersistenceUnitInfo [name: default]
2022-12-06 11:14:45.862  INFO 1 --- [main] org.hibernate.Version                    : HHH000412: Hibernate ORM core version 5.6.12.Final
2022-12-06 11:14:46.232  INFO 1 --- [main] o.hibernate.annotations.common.Version   : HCANN000001: Hibernate Commons Annotations {5.1.2.Final}
2022-12-06 11:14:46.444  INFO 1 --- [main] org.hibernate.dialect.Dialect            : HHH000400: Using dialect: org.hibernate.dialect.MySQL8Dialect
2022-12-06 11:14:47.085  INFO 1 --- [main] o.h.e.t.j.p.i.JtaPlatformInitiator       : HHH000490: Using JtaPlatform implementation: [org.hibernate.engine.transaction.jta.platform.internal.NoJtaPlatform]
2022-12-06 11:14:47.092  INFO 1 --- [main] j.LocalContainerEntityManagerFactoryBean : Initialized JPA EntityManagerFactory for persistence unit 'default'
2022-12-06 11:14:47.733  WARN 1 --- [main] JpaBaseConfiguration$JpaWebConfiguration : spring.jpa.open-in-view is enabled by default. Therefore, database queries may be performed during view rendering. Explicitly configure spring.jpa.open-in-view to disable this warning
2022-12-06 11:14:48.251  INFO 1 --- [main] o.s.b.w.embedded.tomcat.TomcatWebServer  : Tomcat started on port(s): 8001 (http) with context path ''
2022-12-06 11:14:48.262  INFO 1 --- [main] o.f.s.m.u.MsvcUsuariosApplication        : Started MsvcUsuariosApplication in 6.036 seconds (JVM running for 6.616)
